[    0.000000] Initializin coup sbs cpust[    0000000] Initializing cgroup subsys cpu
[    0.000000] Initializing cgroup subsys cpuacct
[    0.000000] Linux version 4.4.0-104-generic (buildd@lgw01-amd64-022) (gcc version 5.4.0 20160609 (Ubuntu 5.4.0-6ubuntu1~16.04.5) ) #127-Ubuntu SMP Mon Dec 11 12:16:42 UTC 2017 (Ubuntu 4.4.0-104.127-generic 4.4.98)
[    0.000000] Command line: BOOT_IMAGE=/boot/vmlinuz-4.4.0-104-generic root=LABEL=cloudimg-rootfs ro console=tty1 console=ttyS0
[    0.000000] KERNEL supported cpus:
[    0.000000]   Intel GenuineIntel
[    0.000000]   AMD AuthenticAMD
[    0.000000]   Centaur CentaurHauls
[    0.000000] x86/fpu: Legacy x87 FPU detected.
[    0.000000] 86/fpu: sig 'laz' U contex sithes.[   00000] e20BIOS-proidd hysical RAM map:
[    0.000000] BIOS-e820: [mem 0x0000000000000000-0x000000000009fbff] usable
[    0.000000] BIOS-e820: [mem 0x000000000009fc00-0x000000000009ffff] reserved
[    0.000000] BIOS-e820: [mem 0x00000000000f0000-0x00000000000fffff] reserved
[    0.000000] BIOS-e820: [mem 0x0000000000100000-0x000000003ffeffff] usable
[    0.000000] BIOS-e820: [mem 0x000000003fff0000-0x000000003fffffff] ACPI data
[    0.000000] BIOS-e820: [mem 0x00000000fffc0000-0x00000000ffffffff] reserved
[    0.000000] NX (Execute Disable) protection: active
[    0.000000] SMBIOS 2.5 present.
[    0.000000] Hypervisor detected: KVM
[    0.000000] e820: last_pfn = 0x3fff0 max_arch_pfn = 0x400000000
[    0.000000] MTRR: Disabled
[    0.000000] x86/PAT: MTRRs disabled, skipping PAT initialization too.
[    0.000000] CPU MTRRs all blank - virtualized system.
[    0.000000] x86/PAT: Configuration [0-7]: WB  WT  UC- UC  WB  WT  UC- UC  
[    0.000000] found SMP MP-table at [mem 0x0009fff0-0x0009ffff] mapped at [ffff88000009fff0]
[    0.000000] Scanning 1 areas for low memory corruption
[    0.000000] RAMDISK: [mem 0x36ada000-0x37564fff]
[    0.000000] ACPI: Early table checksum verification disabled
[    0.000000] ACPI: RSDP 0x00000000000E0000 000024 (v02 VBOX  )
[    0.000000] ACPI: XSDT 0x000000003FFF0030 00003C (v01 VBOX   VBOXXSDT 00000001 ASL  00000061)
[    0.000000] ACPI: FACP 0x000000003FFF00F0 0000F4 (v04 VBOX   VBOXFACP 00000001 ASL  00000061)
[    0.000000] ACPI: DSDT 0x000000003FFF0470 002118 (v01 VBOX   VBOXBIOS 00000002 INTL 20160108)
[    0.000000] ACPI: FACS 0x000000003FFF0200 000040
[    0.000000] ACPI: FACS 0x000000003FFF0200 000040
[    0.000000] ACPI: APIC 0x000000003FFF0240 00005C (v02 VBOX   VBOXAPIC 00000001 ASL  00000061)
[    0.000000] ACPI: SSDT 0x000000003FFF02A0 0001CC (v01 VBOX   VBOXCPUT 00000002 INTL 20160108)
[    0.000000] No NUMA configuration found
[   .000000] Fakig a node at [m 0x0000000000000-0000000003ffeffff]
[    0.000000] NODE_DATA(0) allocated [mem 0x3ffeb000-0x3ffeffff]
[    0.000000] kvm-clock: Using msrs 4b564d01 and 4b564d00
[    0.000000] kvm-clock: cpu 0, msr 0:3ffe3001, primary cpu clock
[    0.000000] kvm-clock: using sched offset of 3692157880 cycles
[    0.000000] clocksource: kvm-clock: mask: 0xffffffffffffffff max_cycles: 0x1cd42e4dffb, max_idle_ns: 881590591483 ns
[    0.000000] Zone ranges:
[    0.000000]   DMA      [mem 0x0000000000001000-0x0000000000ffffff]
[    0.000000]   DMA32    [mem 0x0000000001000000-0x000000003ffeffff]
[    0.000000]   Normal   empty
[    0.000000]   Device   empty
[    0.000000] Movable zone start for each node
[    0.000000] Early memory node ranges
[    0.000000]   node   0: [mem 0x0000000000001000-0x000000000009efff]
[    0.000000]   node   0: [mem 0x0000000000100000-0x000000003ffeffff]
[    0.000000] Initmem setup node 0 [mem 0x0000000000001000-0x000000003ffeffff]
[    0.000000] ACPI: PM-Timer IO Port: 0x4008
[    0.000000] IOAPIC[0]: apic_id 2, version 1, ddress xfc0000GSI 023
[   0.000] ACPI: INTSRC_OVR (bus 0 bus_irq 0 global_irq 2 dl fl)
[  000000]CPI: INT_SRC_OVR (bus 0 bus_irq 9 global_irq 9 high level)
[    0.000000] Using ACPI (MADT) for SMP configuration information
[    0.000000] smpboot: Allowing 2 CPUs, 0 hotplug CPUs
[    0.000000] PM: Registered nosave memory [mem 0x0000000x0000f]
[    00000] PM: Registered nosave memory: [mem 0x0009f000-0x0009ffff]
[    0.000000] PM: Registered nosave memory: [mem 0x000a0000-0x000effff]
[    0.000000] PM: Registered nosave memory: [mem 0x000f0000-0x000fffff]
[    0.000000] e820: [mem 0x40000000-0xfffbffff] available for PCI devices
[    0.000000] Booting paravirtualized kernel on KVM
[    0.000000] clocksource: refined-jiffies: mask: 0xffffffff max_cycles:0xffffff,max_idle_ns: 7645519600211568 ns
[    0.000000] setup_percpu: NR_CPUS:512 nr_cpumask_bits:512 nr_cpu_ids:2 nr_node_ids:1
[    0.000000] PERCPU: Embedded 33 pages/cpu @ff80fc0000 s98200 812 d28776 04576
[  0000000 Pqspinlock hash table entries: 256 (order: 0, 4096 bytes)
[   000000] Built 1 zonelists in Node order, mobility grouping on.  Total pages: 257913
[    0.000000] Policy zone: DMA32
[    0.000000] Kernel command line: BOOT_IMAGE=/boot/vmlinuz-4.4.0-104-generic root=LABEL=cloudimg-rootfs ro console=tty1 console=ttyS0
[    0.000000] PID hash table entries: 4096 (order: 3, 32768 bytes)
[    0.000000] Memory: 1001776K/1048120K available (8485K kernel code, 1295K rwdata, 3988K rodata, 1492K init, 1316K bss, 46344K reserved, 0K cma-reserved)
[    0.000000] SLUB: HWalign=64, Order=0-3, MinObjects=0, CPUs=2, Nodes=1
[    0.000000] Hierarchical RCU implementaton
    0.000000] 	Build-time adjustment of leaf fanout to 64.
[    0.000000] 	RCU restricting CPUs from NR_CPUS=512 to nr_cpu_ids=2.
[    0.000000] RCU: Adjusting geometry for rcu_fanout_leaf=64, nr_cpu_ids=2
[    0.000000] NR_IRQS:33024 nr_irqs:440 16
[    0.000000] Console: colour VGA+ 80x25
[    0.000000] console [tty1] enabled
[    0.000000] consle[ttyS0] enbled
[    0.000000] tsc: Detected 2393.928 MHz processor
[    2.433985] Calibrating delay loop (skipped) preset value.. 4787.85 BogoMIPS (lpj=9575712)
[    2.511196] pid_max: default: 32768 minimum: 301
[    2.546711] ACPI: Core revision 20150930
[    2.548831] ACPI: 2 ACPI AML tables successfully acquired and loaded
[    2.551703] Security Framework initialized
[    2.552815] Yama: becoming mindful.
[    2.559031] AppArmor: AppArmor initialized
[    2.560139] Dentry cache hash table entries: 131072 (order: 8, 1048576 bytes)
[    2.561969] Inode-cache hash table entries: 65536 (order: 7, 524288 bytes)
[    2.568125] Mount-cache hash table entries: 2048 (order: 2, 16384 bytes)
[    2.575169] Mountpoint-cache hash table entries: 2048 (order: 2, 16384 bytes)
[    2.576933] Initializing cgroup subsys io
[    2.579325] Initializing cgroup subsys memory
[    2.580399] Initializing cgroup subsys devices
[    2.581576] Initializing cgroup subsys freezer
[    2.582685] Initializing cgroup subsys net_cls
[    2.583815] Initializing cgroup subsys perf_event
[    2.595124] Initializing cgroup subsys net_prio
[    2.596224] Initializing cgroup subsys hugetlb
[    2.618381] Initializing cgroup subsys pids
[    2.634552] CPU: Physical Processor ID: 0
[    2.642563] CPU: Processor Core ID: 0
[    2.643519] mce: CPU supports 0 MCE banks
[    2.644620] Last level iTLB entries: 4KB 512, 2MB 7, 4MB 7
[    2.645903] Last level dTLB entries: 4KB 512, 2MB 32, 4MB 32, 1GB 0
[    2.649586] Freeing SMP alternatives memory: 32K
[    2.662344] ftrace: allocating 32158 entries in 126 pages
[    2.724140] smpboot: APIC(0) Converting physical 0 to logical package 0
[    2.732009] smpboot: Max logical packages: 1
[    2.734485] ..TIMER: vector=0x30 apic1=0 pin1=2 apic2=-1 pin2=-1
[    2.842566] smpboot: CPU0: Intel(R) Core(TM) i5 CPU       M 520  @ 2.40GHz (family: 0x6, model: 0x25, stepping: 0x5)
[    2.861187] Performance Events: unsupported p6 CPU model 37 no PMU driver, software events only.
[    2.868759] KVM setup paravirtual spinlock
[    2.870735] x86: Booting SMP configuration:
[    2.874851] .... node  #0, CPUs:      #1
[    2.876040] kvm-clock: cpu 1, msr 0:3ffe3041, secondary cpu clock
[    2.912538] mce: CPU supports 0 MCE banks
[    2.915371] x86: Booted up 1 node, 2 CPUs
[    2.939320] smpboot: Total of 2 processors activated (9575.71 BogoMIPS)
[    2.948241] devtmpfs: initialized
[    2.962210] evm: security.selinux
[    2.974957] evm: security.SMACK64
[    2.975918] evm: security.SMACK64EXEC
[    2.976934] evm: security.SMACK64TRANSMUTE
[    2.978085] evm: security.SMACK64MMAP
[    2.979230] evm: security.ima
[    2.982302] evm: security.capability
[    2.983649] clocksource: jiffies: mask: 0xffffffff max_cycles: 0xffffffff, max_idle_ns: 7645041785100000 ns
[    3.036256] futex hash table entries: 512 (order: 3, 32768 bytes)
[    3.039740] pinctrl core: initialized pinctrl subsystem
[    3.040916] RTC time: 19:42:47, date: 03/12/18
[    3.042782] NET: Registered protocol family 16
[    3.066443] cpuidle: using governor ladder
[    3.101685] cpuidle: using governor menu
[    3.111690] PCCT header not found.
[    3.113091] ACPI: bus type PCI registered
[    3.114680] acpiphp: ACPI Hot Plug PCI Controller Driver version: 0.5
[    3.121968] PCI: Using configuration type 1 for base access
[    3.136756] ACPI: Added _OSI(Module Device)
[    3.187799] ACPI: Added _OSI(Processor Device)
[    3.220077] ACPI: Added _OSI(3.0 _SCP Extensions)
[    3.220999] ACPI: Added _OSI(Processor Aggregator Device)
[    3.224980] ACPI: Executed 1 blocks of module-level executable AML code
[    3.233095] ACPI: Interpreter enabled
[    3.290494] ACPI: (supports S0 S5)
[    3.291293] ACPI: Using IOAPIC for interrupt routing
[    3.295317] PCI: Using host bridge windows from ACPI; if necessary, use "pci=nocrs" and report a bug
[    3.301484] ACPI: PCI Root Bridge [PCI0] (domain 0000 [bus 00-ff])
[    3.321000] acpi PNP0A03:00: _OSC: OS supports [ASPM ClockPM Segments MSI]
[    3.328656] acpi PNP0A03:00: _OSC failed (AE_NOT_FOUND); disabling ASPM
[    3.349863] acpi PNP0A03:00: fail to add MMCONFIG information, can't access extended PCI configuration space under this bridge.
[    3.411936] PCI host bridge to bus 0000:00
[    3.423442] pci_bus 0000:00: root bus resource [io  0x0000-0x0cf7 window]
[    3.424627] pci_bus 0000:00: root bus resource [io  0x0d00-0xffff window]
[    3.425841] pci_bus 0000:00: root bus resource [mem 0x000a0000-0x000bffff window]
[    3.432646] pci_bus 0000:00: root bus resource [mem 0x40000000-0xffdfffff window]
[    3.434190] pci_bus 0000:00: root bus resource [bus 00-ff]
[    3.438131] pci 0000:00:01.1: legacy IDE quirk: reg 0x10: [io  0x01f0-0x01f7]
[    3.488472] pci 0000:00:01.1: legacy IDE quirk: reg 0x14: [io  0x03f6]
[    3.498053] pci 0000:00:01.1: legacy IDE quirk: reg 0x18: [io  0x0170-0x0177]
[    3.500387] pci 0000:00:01.1: legacy IDE quirk: reg 0x1c: [io  0x0376]
[    3.559379] ACPI: PCI Interrupt Link [LNKA] (IRQs 5 9 10 11) *0, disabled.
[    3.574212] ACPI: PCI Interrupt Link [LNKB] (IRQs 5 9 10 *11)
[    3.576755] ACPI: PCI Interrupt Link [LNKC] (IRQs 5 9 *10 11)
[    3.580382] ACPI: PCI Interrupt Link [LNKD] (IRQs 5 *9 10 11)
[    3.583497] ACPI: Enabled 2 GPEs in block 00 to 07
[    3.593715] vgaarb: setting as boot device: PCI:0000:00:02.0
[    3.596154] vgaarb: device added: PCI:0000:00:02.0,decodes=io+mem,owns=io+mem,locks=none
[    3.604445] vgaarb: loaded
[    3.610586] vgaarb: bridge control possible 0000:00:02.0
[    3.612131] SCSI subsystem initialized
[    3.615490] ACPI: bus type USB registered
[    3.622980] usbcore: registered new interface driver usbfs
[    3.632955] usbcore: registered new interface driver hub
[    3.636827] usbcore: registered new device driver usb
[    3.655335] PCI: Using ACPI for IRQ routing
[    3.663596] NetLabel: Initializing
[    3.667289] NetLabel:  domain hash size = 128
[    3.671554] NetLabel:  protocols = UNLABELED CIPSOv4
[    3.672739] NetLabel:  unlabeled traffic allowed by default
[    3.679796] amd_nb: Cannot enumerate AMD northbridges
[    3.688114] clocksource: Switched to clocksource kvm-clock
[    3.698221]pprmr:ApArmor Filesystem Enabled
[   .88214] pnp: PnP ACPI init
[   .9167]pn: P ACI: found 3 devices

[  4.16049] locksorc: pim:as: xffff max_cycles: 0xffffff, max_idle_ns: 2085701024 ns
[    4.5898]ETRestedroco fil 2
[    5.008 TP stalied hash ab eries: 19(oer4,556 yt)  5.31] P ndastae tres: 8192 (order: 5, 131072 bytes)
[    6.260677] TCP: Hash tables configured (established 812 bind 8192)
[   6.994]DPastae tres 5 (de 2164 tes)
[    7.008100] UDP-Lite hash table entries: 512 (order: 2, 16384 bytes)
[   0017NE: Registeedprtocol fail1
[    7.9303pc00:000: mingirt I/CIrasfrs[  891624] pci 0000:00:01.0: Activating ISA DMA hang workarounds
[  8.23122] pain iitams.
[ 10657]rengnid emy:07K
[   .24495] patrm rt_cs:egted atorRTdeice (no PNP devic fnd
[  1.9110]cani f low memrycorruption every 60 seconds
[   12.300219] tsc: Refined TSC clocksource calibration: 2394.088 MHz
[   12.312507] clocksource: tsc: mask: 0xffffffffffffffff max_cycles: 0x228266b82a1, max_idle_ns: 440795277258 ns
[   12.312994] audit: initializing netlink subsys (disabled)
[   12.313015] audit: type=2000 audit(1520883778.922:1): initialized
[   12.313368] Initialise system trusted keyring
[   12.313520] HugeTLB registered 2 MB page size, pre-allocated 0 pages
[   12.315079] zbud: loaded
[   12.315281] VFS: Disk quotas dquot_6.6.0
[   12.315317] VFS: Dquot-cache hash table entries: 512 (order 0, 4096 bytes)
[   12.315594] squashfs: version 4.0 (2009/01/31) Phillip Lougher
[   12.315848] fuse init (API version 7.23)
[   12.315991] Key type big_key registered
[   12.316010] Allocating IMA MOK and blacklist keyrings.
[   12.316331] Key type asymmetric registered
[   12.316340] Asymmetric key parser 'x509' registered
[   12.316383] Block layer SCSI generic (bsg) driver version 0.4 loaded (major 249)
[   12.316417] io scheduler noop registered
[   12.316419] io scheduler deadline registered (default)
[   12.316453] io scheduler cfq registered
[   12.316623] pci_hotplug: PCI Hot Plug PCI Core version: 0.5
[   12.316628] pciehp: PCI Express Hot Plug Controller Driver version: 0.4
[   12.316784] ACPI: AC Adapter [AC] (on-line)
[   12.316843] input: Power Button as /devices/LNXSYSTM:00/LNXPWRBN:00/input/input0
[   12.316847] ACPI: Power Button [PWRF]
[   12.316918] input: Sleep Button as /devices/LNXSYSTM:00/LNXSLPBN:00/input/input1
[   12.316919] ACPI: Sleep Button [SLPF]
[   12.317077] GHES: HEST is not enabled!
[   12.317855] ACPI: Battery Slot [BAT0] (battery present)
[   12.317905] Serial: 8250/16550 driver, 32 ports, IRQ sharing enabled
[   12.342085] 00:02: ttyS0 at I/O 0x3f8 (irq = 4, base_baud = 115200) is a 16550A
[   12.345661] Linux agpgart interface v0.103
[   12.348321] loop: module loaded
[   12.348932] scsi host0: ata_piix
[   12.349009] scsi host1: ata_piix
[   12.349047] ata1: PATA max UDMA/33 cmd 0x1f0 ctl 0x3f6 bmdma 0xd000 irq 14
[   12.349048] ata2: PATA max UDMA/33 cmd 0x170 ctl 0x376 bmdma 0xd008 irq 15
[   12.349139] libphy: Fixed MDIO Bus: probed
[   12.349141] tun: Universal TUN/TAP device driver, 1.6
[   12.349142] tun: (C) 1999-2004 Max Krasnyansky <maxk@qualcomm.com>
[   12.349533] PPP generic driver version 2.4.2
[   12.349604] ehci_hcd: USB 2.0 'Enhanced' Host Controller (EHCI) Driver
[   12.349609] ehci-pci: EHCI PCI platform driver
[   12.349644] ehci-platform: EHCI generic platform driver
[   12.349654] ohci_hcd: USB 1.1 'Open' Host Controller (OHCI) Driver
[   12.349658] ohci-pci: OHCI PCI platform driver
[   12.349669] ohci-platform: OHCI generic platform driver
[   12.349677] uhci_hcd: USB Universal Host Controller Interface driver
[   12.349748] i8042: PNP: PS/2 Controller [PNP0303:PS2K,PNP0f03:PS2M] at 0x60,0x64 irq 1,12
[   12.351682] serio: i8042 KBD port at 0x60,0x64 irq 1
[   12.351691] serio: i8042 AUX port at 0x60,0x64 irq 12
[   12.351871] mousedev: PS/2 mouse device common for all mice
[   12.352346] rtc_cmos rtc_cmos: rtc core: registered rtc_cmos as rtc0
[   12.352417] rtc_cmos rtc_cmos: alarms up to one day, 114 bytes nvram
[   12.352425] i2c /dev entries driver
[   12.352495] device-mapper: uevent: version 1.0.3
[   12.352563] device-mapper: ioctl: 4.34.0-ioctl (2015-10-28) initialised: dm-devel@redhat.com
[   12.352582] ledtrig-cpu: registered to indicate activity on CPUs
[   12.352925] NET: Registered protocol family 10
[   12.353216] NET: Registered protocol family 17
[   12.353234] Key type dns_resolver registered
[   12.373969] microcode: CPU0 sig=0x20655, pf=0x4, revision=0x616
[   12.374009] microcode: CPU1 sig=0x20655, pf=0x4, revision=0x616
[   12.374123] microcode: Microcode Update Driver: v2.01 <tigran@aivazian.fsnet.co.uk>, Peter Oruba
[   12.374299] registered taskstats version 1
[   12.374318] Loading compiled-in X.509 certificates
[   12.375267] Loaded X.509 cert 'Build time autogenerated kernel key: 8537ad706776f532219d7336343c968b9f82f7c7'
[   12.375294] zswap: loaded using pool lzo/zbud
[   12.377056] Key type trusted registered
[   12.380345] Key type encrypted registered
[   12.380352] AppArmor: AppArmor sha1 policy hashing enabled
[   12.380356] ima: No TPM chip found, activating TPM-bypass!
[   12.380381] evm: HMAC attrs: 0x1
[   12.380774]   Magic number: 10:582:748
[   12.401792] rtc_cmos rtc_cmos: setting system clock to 2018-03-12 19:42:57 UTC (1520883777)
[   12.402082] BIOS EDD facility v0.16 2004-Jun-25, 0 devices found
[   12.402082] EDD information not available.
[   12.473938] input: AT Translated Set 2 keyboard as /devices/platform/i8042/serio0/input/input2
[   13.036859] Freeing unused kernel memory: 1492K
[   13.043670] Write protecting the kernel read-only data: 14336k
[   13.073456] Freeing unused kernel memory: 1744K
[   13.106681] Freeing unused kernel memory: 108K
Loading, please wait...
starting version[   13.135419] random: systemd-udevd: uninitialized urandom read (16 bytes read, 2 bits of entropy available)
 229
[   13.136329] random: udevadm: uninitialized urandom read (16 bytes read, 2 bits of entropy available)
[   13.136362] random: udevadm: uninitialized urandom read (16 bytes read, 2 bits of entropy available)
[   13.148964] random: udevadm: uninitialized urandom read (16 bytes read, 2 bits of entropy available)
[   13.149017] random: udevadm: uninitialized urandom read (16 bytes read, 2 bits of entropy available)
[   13.149335] random: udevadm: uninitialized urandom read (16 bytes read, 2 bits of entropy available)
[   13.149406] random: udevadm: uninitialized urandom read (16 bytes read, 2 bits of entropy available)
[   13.149472] random: udevadm: uninitialized urandom read (16 bytes read, 2 bits of entropy available)
[   13.149534] random: udevadm: uninitialized urandom read (16 bytes read, 2 bits of entropy available)
[   13.149595] random: udevadm: uninitialized urandom read (16 bytes read, 2 bits of entropy available)
[   13.411531] e1000: Intel(R) PRO/1000 Network Driver - version 7.3.21-k8-NAPI
[   13.489888] e1000: Copyright (c) 1999-2006 Intel Corporation.
[   13.491368] Fusion MPT base driver 3.04.20
[   13.522188] Copyright (c) 1999-2008 LSI Corporation
[   13.579251] Fusion MPT SPI Host driver 3.04.20
[   13.629703] SSE version of gcm_enc/dec engaged.
[   13.800147] input: ImExPS/2 Generic Explorer Mouse as /devices/platform/i8042/serio1/input/input4
[   14.068659] e1000 0000:00:03.0 eth0: (PCI:33MHz:32-bit) 02:06:a9:f4:72:f7
[   15.403259] e1000 0000:00:03.0 eth0: Intel(R) PRO/1000 Network Connection
[   16.060101] e1000 0000:00:08.0 eth1: (PCI:33MHz:32-bit) 08:00:27:4d:f5:3d
[   16.299641] e1000 0000:00:08.0 eth1: Intel(R) PRO/1000 Network Connection
[   16.302437] mptbase: ioc0: Initiating bringup
[   16.302511] e1000 0000:00:03.0 enp0s3: renamed from eth0
[   16.421312] e1000 0000:00:08.0 enp0s8: renamed from eth1
[   16.484640] ioc0: LSI53C1030 A0: Capabilities={Initiator}
[   16.513825] floppy0: no floppy controllers found
[   16.685970] scsi host2: ioc0: LSI53C1030 A0, FwRev=00000000h, Ports=1, MaxQ=256, IRQ=20
[   16.809147] scsi 2:0:0:0: Direct-Access     VBOX     HARDDISK         1.0  PQ: 0 ANSI: 5
[   16.842187] scsi target2:0:0: Beginning Domain Validation
[   16.847371] scsi target2:0:0: Domain Validation skipping write tests
[   16.854962] scsi target2:0:0: Ending Domain Validation
[   16.868935] scsi target2:0:0: asynchronous
[   16.881024] scsi 2:0:1:0: Direct-Access     VBOX     HARDDISK         1.0  PQ: 0 ANSI: 5
[   16.922456] scsi target2:0:1: Beginning Domain Validation
[   16.926023] scsi target2:0:1: Domain Validation skipping write tests
[   16.966809] scsi target2:0:1: Ending Domain Validation
[   16.968004] scsi target2:0:1: asynchronous
[   16.985606] sd 2:0:0:0: Attached scsi generic sg0 type 0
[   17.002803] sd 2:0:0:0: [sda] 20971520 512-byte logical blocks: (10.7 GB/10.0 GiB)
[   17.005357] sd 2:0:0:0: [sda] Write Protect is off
[   17.052951] sd 2:0:0:0: [sda] Incomplete mode parameter data
[   17.197836] sd 2:0:0:0: [sda] Assuming drive cache: write through
[   17.199304] sd 2:0:1:0: [sdb] 20480 512-byte logical blocks: (10.5 MB/10.0 MiB)
[   17.199436] sd 2:0:1:0: Attached scsi generic sg1 type 0
[   17.373363] sd 2:0:1:0: [sdb] Write Protect is off
[   17.379053]  sda: sda1
[   17.380016] sd 2:0:0:0: [sda] Attached SCSI disk
[   17.406662] sd 2:0:1:0: [sdb] Incomplete mode parameter data
[   17.412954] sd 2:0:1:0: [sdb] Assuming drive cache: write through
[   17.450150] sd 2:0:1:0: [sdb] Attached SCSI disk
Begin: Loading e[   18.961780] md: linear personality registered for level -1
ssential drivers ... [   19.037014] md: multipath personality registered for level -4
[   19.057011] md: raid0 personality registered for level 0
[   19.158251] md: raid1 personality registered for level 1
[   19.261337] raid6: sse2x1   gen()  6703 MB/s
[   19.461624] raid6: sse2x1   xor()  5638 MB/s
[   19.553327] raid6: sse2x2   gen()  7113 MB/s
[   19.645233] raid6: sse2x2   xor()  6886 MB/s
[   19.733245] raid6: sse2x4   gen()  9168 MB/s
[   19.825326] raid6: sse2x4   xor()  6696 MB/s
[   19.838389] raid6: using algorithm sse2x4 gen() 9168 MB/s
[   19.842916] raid6: .... xor() 6696 MB/s, rmw enabled
[   19.844134] raid6: using ssse3x2 recovery algorithm
[   19.923658] xor: measuring software checksum speed
[   20.053224]    prefetch64-sse: 24005.000 MB/sec
[   20.141687]    generic_sse: 31549.000 MB/sec
[   20.186004] xor: using function: generic_sse (31549.000 MB/sec)
[   20.201929] async_tx: api initialized (async)
[   20.263864] md: raid6 personality registered for level 6
[   20.270560] md: raid5 personality registered for level 5
[   20.273401] md: raid4 personality registered for level 4
[   20.286297] md: raid10 personality registered for level 10
done.
Begin: Running /scripts/init-premount ... done.
Begin: Mounting root file system ... Begin: Running /scripts/local-top ... done.
Begin: Running /scripts/local-premount ... [   20.339759] Btrfs loaded
Scanning for Btrfs filesystems
done.
Warning: fsck not present, so skipping root file system
[   20.544750] EXT4-fs (sda1): mounted filesystem with ordered data mode. Opts: (null)
done.
Begin: Running /scripts/local-bottom ... done.
Begin: Running /scripts/init-bottom ... done.
[   21.911095] random: nonblocking pool is initialized
[   22.141359] systemd[1]: systemd 229 running in system mode. (+PAM +AUDIT +SELINUX +IMA +APPARMOR +SMACK +SYSVINIT +UTMP +LIBCRYPTSETUP +GCRYPT +GNUTLS +ACL +XZ -LZ4 +SECCOMP +BLKID +ELFUTILS +KMOD -IDN)
[   22.223613] systemd[1]: Detected virtualization oracle.
[   22.226503] systemd[1]: Detected architecture x86-64.

Welcome to [1mUbuntu 16.04.3 LTS[0m!

[   22.295138] systemd[1]: Set hostname to <ubuntu>.
[   22.386453] systemd[1]: Initializing machine ID from random generator.
[   22.395770] systemd[1]: Installed transient /etc/machine-id file.
[   24.526900] systemd[1]: Created slice System Slice.
[[0;32m  OK  [0m] Created slice System Slice.
[   24.589134] systemd[1]: Started Trigger resolvconf update for networkd DNS.
[[0;32m  OK  [0m] Started Trigger resolvconf update for networkd DNS.
[   24.708720] systemd[1]: Listening on Syslog Socket.
[[0;32m  OK  [0m] Listening on Syslog Socket.
[   24.717360] systemd[1]: Reached target Swap.
[[0;32m  OK  [0m] Reached target Swap.
[   24.736636] systemd[1]: Listening on Device-mapper event daemon FIFOs.
[[0;32m  OK  [0m] Listening on Device-mapper event daemon FIFOs.
[   24.763642] systemd[1]: Started Forward Password Requests to Wall Directory Watch.
[[0;32m  OK  [0m] Started Forward Password Requests to Wall Directory Watch.
[   24.866626] systemd[1]: Listening on /dev/initctl Compatibility Named Pipe.
[[0;32m  OK  [0m] Listening on /dev/initctl Compatibility Named Pipe.
[   24.973332] systemd[1]: Created slice User and Session Slice.
[[0;32m  OK  [0m] Created slice User and Session Slice.
[   24.992544] systemd[1]: Listening on udev Kernel Socket.
[[0;32m  OK  [0m] Listening on udev Kernel Socket.
[   25.052730] systemd[1]: Listening on udev Control Socket.
[[0;32m  OK  [0m] Listening on udev Control Socket.
[   25.144909] systemd[1]: Set up automount Arbitrary Executable File Formats File System Automount Point.
[[0;32m  OK  [0m] Set up automount Arbitrary Executab...ats File System Automount Point.
[   25.276518] systemd[1]: Listening on Journal Socket (/dev/log).
[[0;32m  OK  [0m] Listening on Journal Socket (/dev/log).
[   25.312156] systemd[1]: Listening on LVM2 metadata daemon socket.
[[0;32m  OK  [0m] Listening on LVM2 metadata daemon socket.
[   25.334519] systemd[1]: Reached target User and Group Name Lookups.
[[0;32m  OK  [0m] Reached target User and Group Name Lookups.
[   25.416932] systemd[1]: Listening on LVM2 poll daemon socket.
[[0;32m  OK  [0m] Listening on LVM2 poll daemon socket.
[   25.427259] systemd[1]: Reached target Slices.
[[0;32m  OK  [0m] Reached target Slices.
[   25.476757] systemd[1]: Listening on Journal Socket.
[[0;32m  OK  [0m] Listening on Journal Socket.
[   25.548611] systemd[1]: Starting Load Kernel Modules...
         Starting Load Kernel Modules...
[   25.568417] systemd[1]: Starting Monitoring of LVM2 mirrors, snapshots etc. using dmeventd or progress polling...
         Starting Monitoring of LVM2 mirrors... dmeventd or progress polling...
[   25.596928] systemd[1]: Mounting POSIX Message Queue File System...
         Mounting POSIX Message Queue File System...
[   257178LoiniSI ransprtla v0-0.

[   26.300617] systemd[1]: Starting Uncomplicated firewall...
         Starting Uncomplicated firewall...
[   26.406139] systemd[1]: Mounting Debug File System...
         Mounting Debug File System...
[   26.521334] iscsi: registered transport (tcp)
[   26.574193] systemd[1]: Starting Set console keymap...
         Starting Set console keymap...
[   26.617067] systemd[1]: Starting Nameserver information manager...
         Starting Nameserver information manager...
[   26.630210] systemd[1]: Reached target Encrypted Volumes.
[[0;32m  OK  [0m] Reached target Encrypted Volumes.
[   26.648518] systemd[1]: Starting Create list of required static device nodes for the current kernel...
         Starting Create list of required st... nodes for the current kernel...
[   26.704384] systemd[1]: Mounting Huge Pages File System...
         Mounting Huge Pages File System...
[   26.804851] systemd[1]: Starting Remount Root and Kernel File Systems...
         [   26.861327] EXT4-fs (sda1): re-mounted. Opts: (null)
Starting Remount Root and Kernel File Systems...
[   26.907176] systemd[1]: Created slice system-serial\x2dgetty.slice.
[[0;32m  OK  [0m] Created slice system-serial\x2dgetty.slice.
[   26.924656] systemd[1]: Listening on Journal Audit Socket.
[[0;32m  OK  [0m] Listening on Journal Audit Socket.[   26.929599] iscsi: registered transport (iser)

[   26.944558] systemd[1]: Starting Journal Service...
         Starting Journal Service...
[   27.018550] systemd[1]: Mounted POSIX Message Queue File System.
[[0;32m  OK  [0m] Mounted POSIX Message Queue File System.
[   27.061282] systemd[1]: Mounted Debug File System.
[[0;32m  OK  [0m] Mounted Debug File System.
[   27.099086] systemd[1]: Mounted Huge Pages File System.
[[0;32m  OK  [0m] Mounted Huge Pages File System.
[   27.104491] systemd[1]: Started Journal Service.
[[0;32m  OK  [0m] Started Journal Service.
[[0;32m  OK  [0m] Started Load Kernel Modules.
[[0;32m  OK  [0m] Started Uncomplicated firewall.
[[0;32m  OK  [0m] Started Set console keymap.
[[0;32m  OK  [0m] Started Create list of required sta...ce nodes for the current kernel.
[[0;32m  OK  [0m] Started Remount Root and Kernel File Systems.
[[0;32m  OK  [0m] Started Nameserver information manager.
[[0;32m  OK  [0m] Started LVM2 metadata daemon.
         Starting Initial cloud-init job (pre-networking)...
         Starting udev Coldplug all Devices...
         Starting Load/Save Random Seed...
         Starting Create Static Device Nodes in /dev...
         Starting Apply Kernel Variables...
         Mounting FUSE Control File System...
         Starting Flush Journal to Persistent Storage...
[[0;32m  OK  [0m] Mounted FUSE Control File System.
[[0;32m  OK  [0m] Started udev Coldplug all Devices.
[[0;32m  OK  [0m] Started Load/Save Random Seed.
[   27.723428] systemd-journald[411]: Received request to flush runtime journal from PID 1
[[0;32m  OK  [0m] Started Flush Journal to Persistent Storage.
[[0;32m  OK  [0m] Started Apply Kernel Variables.
[[0;32m  OK  [0m] Started Monitoring of LVM2 mirrors,...ng dmeventd or progress polling.
[[0;32m  OK  [0m] Started Create Static Device Nodes in /dev.
         Starting udev Kernel Device Manager...
[[0;32m  OK  [0m] Started udev Kernel Device Manager.
[[0;32m  OK  [0m] Reached target Local File Systems (Pre).
[[0;32m  OK  [0m] Reached target Local File Systems.
         Starting LSB: AppArmor initialization...
         Starting Commit a transient machine-id on disk...
         Starting Set console font and keymap...
         Starting Tell Plymouth To Write Out Runtime Data...
         Starting Create Volatile Files and Directories...
[[0;32m  OK  [0m] Started Dispatch Password Requests to Console Directory Watch.
[[0;32m  OK  [0m] Started Commit a transient machine-id on disk.
[[0;32m  OK  [0m] Started Tell Plymouth To Write Out Runtime Data.
[[0;32m  OK  [0m] Started Create Volatile Files and Directories.
         Starting Update UTMP about System Boot/Shutdown...
[[0;32m  OK  [0m] Reached target System Time Synchronized.
[[0;32m  OK  [0m] Found device /dev/ttyS0.
[[0;32m  OK  [0m] Started Update UTMP about System Boot/Shutdown.
[[0;32m  OK  [0m] Started Set console font and keymap.
[[0;32m  OK  [0m] Created slice system-getty.slice.
[[0;32m  OK  [0m] Listening on Load/Save RF Kill Switch Status /dev/rfkill Watch.
[[0;32m  OK  [0m] Started LSB: AppArmor initialization.
[   33.531654] cloud-init[432]: Cloud-init v. 17.1 running 'init-local' at Mon, 12 Mar 2018 19:43:21 +0000. Up 32.73 seconds.
[[0;32m  OK  [0m] Started Initial cloud-init job (pre-networking).
[[0;32m  OK  [0m] Reached target Network (Pre).
         Starting Raise network interfaces...
[[0;32m  OK  [0m] Started Raise network interfaces.
         Starting Initial cloud-init job (metadata service crawler)...
[[0;32m  OK  [0m] Reached target Network.
[   37.228905] cloud-init[954]: Cloud-init v. 17.1 running 'init' at Mon, 12 Mar 2018 19:43:22 +0000. Up 34.57 seconds.
[   37.235319] cloud-init[954]: ci-info: +++++++++++++++++++++++++++++++++++++Net device info++++++++++++++++++++++++++++++++++++++
[   37.240465] cloud-init[954]: ci-info: +--------+-------+---------------------------+---------------+-------+-------------------+
[   37.250948] cloud-init[954]: ci-info: | Device |   Up  |          Address          |      Mask     | Scope |     Hw-Address    |
[   37.277794] cloud-init[954]: ci-info: +--------+-------+---------------------------+---------------+-------+-------------------+
[   37.291416] cloud-init[954]: ci-info: | enp0s3 |  True |         10.0.2.15         | 255.255.255.0 |   .   | 02:06:a9:f4:72:f7 |
[   37.318759] cloud-init[954]: ci-info: | enp0s3 |  True | fe80::6:a9ff:fef4:72f7/64 |       .       |  link | 02:06:a9:f4:72:f7 |
[[   37.348894] cloud-init[954]: ci-info: | enp0s8 | False |             .             |       .       |   .   | 08:00:27:4d:f5:3d |
[   37.349855] cloud-init[954]: ci-info: |   lo   |  True |         127.0.0.1         |   255.0.0.0   |   .   |         .         |
[0;32m  OK  [0m] Started Initial cloud-init job (metadata service crawler).
[   37.350187] cloud-init[954]: ci-info: |   lo   |  True |          ::1/128          |       .       |  host |         .         |
[   37.369016] cloud-init[954]: ci-info: +--------+-------+---------------------------+---------------+-------+-------------------+
[   37.386372] cloud-init[954]: ci-info: +++++++++++++++++++++++++++Route IPv4 info++++++++++++++++++++++++++++
[   37.386826] cloud-init[954]: ci-info: +-------+-------------+----------+---------------+-----------+-------+
[[0;32m  OK  [0m] Reached target Cloud-config availability.
[   37.387175] cloud-init[954]: ci-info: | Route | Destination | Gateway  |    Genmask    | Interface | Flags |
[   37.461730] cloud-init[954]: ci-info: +-------+-------------+----------+---------------+-----------+-------+
[[0;32m  OK  [0m] Reached target System Initialization.
[   37.462081] cloud-init[954]: ci-info: |   0   |   0.0.0.0   | 10.0.2.2 |    0.0.0.0    |   enp0s3  |   UG  |
[   37.499306] cloud-init[954]: ci-info: |   1   |   10.0.2.0  | 0.0.0.0  | 255.255.255.0 |   enp0s3  |   U   |
[[0;32m  OK  [0m] Listening on ACPID Listen Socket.
[   37.499444] cloud-init[954]: ci-info: +-------+-------------+----------+---------------+-----------+-------+
[   37.678754] cloud-init[954]: Generating public/private rsa key pair.
[   37.679501] cloud-init[954]: Your identification has been saved in /etc/ssh/ssh_host_rsa_key.
[[0;32m  OK  [0m] Started ACPI Events Check.
[   37.679879] cloud-init[954]: Your public key has been saved in /etc/ssh/ssh_host_rsa_key.pub.
[   37.790815] cloud-init[954]: The key fingerprint is:
[[0;32m  OK  [0m] Reached target Paths.
[   37.791110] cloud-init[954]: SHA256:HB+gK0rS0gimjnUkIQ+I2SMXOzzcmdZrsBCJNET6fME root@ubuntu-xenial
[   37.860523] cloud-init[954]: The key's randomart image is:
[   37.861145] cloud-init[954]: +---[RSA 2048]----+
         Starting LXD - unix socket.
[[   37.861414] cloud-init[954]: |OO+o    .        |
[   37.977674] cloud-init[954]: |B*** + . .       |
[   37.978004] cloud-init[954]: |o+X.E o . .      |
[   37.978423] cloud-init[954]: |+* B + + o .     |
[   37.978954] cloud-init[954]: |= B = + S .      |
[   37.979290] cloud-init[954]: |o= + o           |
[   37.979688] cloud-init[954]: |...              |
[0;32m  OK  [0m] Listening on UUID daemon activation socket.
[   37.980871] cloud-init[954]: |                 |
[   38.057442] cloud-init[954]: |                 |
[   38.057924] cloud-init[954]: +----[SHA256]-----+
[[0;32m  OK  [0m] Started Timer to automatically refresh installed snaps.
[   38.058357] cloud-init[954]: Generating public/private dsa key pair.
[   38.065301] cloud-init[954]: Your identification has been saved in /etc/ssh/ssh_host_dsa_key.
[[0;32m  OK  [0m] Started Daily Cleanup of Temporary Directories.
         [   38.065509] Starting Socket activation for snappy daemon.cloud-init
[954]: Your public key has been saved in /etc/ssh/ssh_host_dsa_key.pub.
[   38.227282] cloud-init[954]: The key fingerprint is:
[   38.228171] cloud-init[954]: SHA256:FAuVXXLdD0egN6sXPqXNgR/x/MO98W9JI3i0u07i+Xg root@ubuntu-xenial
[[0;32m  OK  [0m] Listening on D-Bus System Message Bus Socket.
[[   38.228456] cloud-init[954]: The key's randomart image is:
[   38.271306] cloud-init[954]: +---[DSA 1024]----+
[   38.271664] cloud-init[954]: |      ..oo..o..+.|
[   38.272172] cloud-init[954]: |       ..o.o .o o|
[   38.272521] cloud-init[954]: |        o   . o+.|
[0;32m  OK  [0m] Reached target Network is Online.
[   38.272898] cloud-init[954]: |       .     o.++|
[   38.329918] cloud-init[954]: |        S   o.+o+|
[   38.331692] cloud-init[954]: |           . *oO=|
[   38.347290] cloud-init[954]: |           .o.O=B|
[   38.347985] cloud-init[954]: |          . =E o*|
         Starting iSCSI initiator daemon (iscsid)...
[   38.348422] cloud-init[954]: |           +++.o+|
[   38.363103] cloud-init[954]: +----[SHA256]-----+
[[0;32m  OK  [0m] Started Daily apt download activities.
[[   38.363471] cloud-init[954]: Generating public/private ecdsa key pair.
[0;32m  OK  [0m] Started Daily apt upgrade and clean activities.[   38.372116] 
cloud-init[954]: Your identification has been saved in /etc/ssh/ssh_host_ecdsa_key.
[   38.436616] cloud-init[954]: Your public key has been saved in /etc/ssh/ssh_host_ecdsa_key.pub.
[   38.437459] cloud-init[954]: The key fingerprint is:
[[0;32m  OK  [0m] Reached target Timers.
[[   38.437778] cloud-init[954]: SHA256:yaR4M3ZxxlV+va99Tz5rvJyBkKA2LMvYH6r9kHKp3bc root@ubuntu-xenial
[   38.474285] cloud-init[954]: The key's randomart image is:
[   38.474586] cloud-init[954]: +---[ECDSA 256]---+
[0;32m  OK  [0m] Listening on LXD - unix socket.
[   38.474949] cloud-init[954]: |            ...  |
[   38.486670] cloud-init[954]: |         . . .  .|
[   38.487025] cloud-init[954]: |        o.+   . o|
[[0;32m  OK  [0m] Listening on Socket activation for snappy daemon.
[   38.487302] cloud-init[954]: |     ..+.=. .  ..|
[   38.496493] cloud-init[954]: |    ..*=S  o   . |
[   38.499355] cloud-init[954]: |    +o*+.   . . .|
[   38.502442] cloud-init[954]: |   o O .     ...o|
[   38.505440] cloud-init[954]: |    * = ..    .O+|
[   38.507116] cloud-init[954]: |   o.+.+.E.   o=X|
[   38.508751] cloud-init[954]: +----[SHA256]-----+
[   38.512303] cloud-init[954]: Generating public/private ed25519 key pair.
[   38.519948] cloud-init[954]: Your identification has been saved in /etc/ssh/ssh_host_ed25519_key.
[   38.523246] cloud-init[954]: Your public key has been saved in /etc/ssh/ssh_host_ed25519_key.pub.
[   38.523769] cloud-init[954]: The key fingerprint is:
[   38.524182] cloud-init[954]: SHA256:OoWkbwQ0S3rrHI6t4G9abneMz4nXyLT+BIGRpA2mVS0 root@ubuntu-xenial
[   38.524434] cloud-init[954]: The key's randomart image is:
[   38.524652] cloud-init[954]: +--[ED25519 256]--+
[   38.524870] cloud-init[954]: |   +*+o          |
[[0;32m  OK  [0m] Reached target Sockets.
[   38.525097] cloud-init[954]: |  +++Eo.         |
[   38.538231] cloud-init[954]: | ...+oo.         |
[   38.538456] cloud-init[954]: |   . = ..        |
[   38.538730] cloud-init[954]: |    + o.S        |
[[0;32m  OK  [0m] Reached target Basic System.
[   38.539351] cloud-init[954]: |   * + +.        |
[   38.554566] cloud-init[954]: |. ..= X +.       |
[   38.556557] cloud-init[954]: |..o+ +oOo.       |
[   38.558585] cloud-init[954]: | o*o..==..       |
[   38.570484] cloud-init[954]: +----[SHA256]-----+
         Starting /etc/rc.local Compatibility...
[[0;32m  OK  [0m] Started FUSE filesystem for LXC.
         Starting Login Service...
[[0;32m  OK  [0m] Started Unattended Upgrades Shutdown.
         Starting LXD - container startup/shutdown...
         Starting LSB: MD monitoring daemon...
[[0;32m  OK  [0m] Started D-Bus System Message Bus.
         Starting LSB: Record successful boot for GRUB...
[[0;32m  OK  [0m] Started Regular background program processing daemon.
         Starting Pollinate to seed the pseudo random number generator...
[[0;32m  OK  [0m] Started ACPI event daemon.
         Starting Apply the settings specified in cloud-config...
         Starting Snappy daemon...
         Starting System Logging Service...
[[0;32m  OK  [0m] Started Deferred execution scheduler.
         Starting Accounts Service...
[[0;32m  OK  [0m] Started iSCSI initiator daemon (iscsid).
[[0;32m  OK  [0m] Started /etc/rc.local Compatibility.
[[0;32m  OK  [0m] Started Login Service.
         Starting Login to default iSCSI targets...
[[0;32m  OK  [0m] Started LSB: Record successful boot for GRUB.
[[0;32m  OK  [0m] Started System Logging Service.
[[0;32m  OK  [0m] Started Login to default iSCSI targets.
[[0;32m  OK  [0m] Reached target Remote File Systems (Pre).
[[0;32m  OK  [0m] Reached target Remote File Systems.
         Starting LSB: Set the CPU Frequency Scaling governor to "ondemand"...
         Starting Permit User Sessions...
         Starting LSB: automatic crash report generation...
         Starting LSB: daemon to balance interrupts for SMP systems...
         Starting LSB: VirtualBox Linux Additions...
[[0;32m  OK  [0m] Started LSB: MD monitoring daemon.
[[0;32m  OK  [0m] Started LSB: Set the CPU Frequency Scaling governor to "ondemand".
[[0;32m  OK  [0m] Started Permit User Sessions.
         Starting Hold until boot process finishes up...
         Starting Terminate Plymouth Boot Screen...
[[0;32m  OK  [0m] Started Hold until boot process finishes up.
[[0;32m  OK  [0m] Started Terminate Plymouth Boot Screen.
[[0;32m  OK  [0m] Started Getty on tty1.
         Starting Set console scheme...
[[0;32m  OK  [0m] Started Serial Getty on ttyS0.
[[0;32m  OK  [0m] Reached target Login Prompts.
[[0;32m  OK  [0m] Started Set console scheme.
[[0;32m  OK  [0m] Started LSB: automatic crash report generation.
[[0;32m  OK  [0m] Started LSB: daemon to balance interrupts for SMP systems.
[   41.966198] cloud-init[1094]: Generating locales (this might take a while)...
         Starting Authenticate and Authorize Users to Run Privileged Tasks...
[[0;32m  OK  [0m] Started LSB: VirtualBox Linux Additions.
[[0;32m  OK  [0m] Started LXD - container startup/shutdown.
[[0;32m  OK  [0m] Started Authenticate and Authorize Users to Run Privileged Tasks.
[[0;32m  OK  [0m] Started Accounts Service.
[[0;32m  OK  [0m] Started Pollinate to seed the pseudo random number generator.
         Starting OpenBSD Secure Shell server...
[[0;32m  OK  [0m] Started OpenBSD Secure Shell server.
[[0;32m  OK  [0m] Started Snappy daemon.
[[0;32m  OK  [0m] Reached target Multi-User System.
[[0;32m  OK  [0m] Reached target Graphical Interface.
         Starting Update UTMP about System Runlevel Changes...
[[0;32m  OK  [0m] Started Update UTMP about System Runlevel Changes.
[   45.093235] cloud-init[1094]:   en_US.UTF-8... done
[   45.098031] cloud-init[1094]: Generation complete.
         Stopping OpenBSD Secure Shell server...
[[0;32m  OK  [0m] Stopped OpenBSD Secure Shell server.
         Starting OpenBSD Secure Shell server...
[[0;32m  OK  [0m] Started OpenBSD Secure Shell server.
[[0;32m  OK  [0m] Created slice User Slice of ubuntu.
         Starting User Manager for UID 1000...
[[0;32m  OK  [0m] Started Session 1 of user ubuntu.

Ubuntu 16.04.3 LTS ubuntu-xenial ttyS0

ubuntu-xenial login: [   48.899584] cloud-init[1094]: Cloud-init v. 17.1 running 'modules:config' at Mon, 12 Mar 2018 19:43:28 +0000. Up 40.34 seconds.
ci-info: no authorized ssh keys fingerprints found for user ubuntu.
<14>Mar 12 19:43:38 ec2: 
<14>Mar 12 19:43:38 ec2: #############################################################
<14>Mar 12 19:43:38 ec2: -----BEGIN SSH HOST KEY FINGERPRINTS-----
<14>Mar 12 19:43:38 ec2: 1024 SHA256:FAuVXXLdD0egN6sXPqXNgR/x/MO98W9JI3i0u07i+Xg root@ubuntu-xenial (DSA)
<14>Mar 12 19:43:38 ec2: 256 SHA256:yaR4M3ZxxlV+va99Tz5rvJyBkKA2LMvYH6r9kHKp3bc root@ubuntu-xenial (ECDSA)
<14>Mar 12 19:43:38 ec2: 256 SHA256:OoWkbwQ0S3rrHI6t4G9abneMz4nXyLT+BIGRpA2mVS0 root@ubuntu-xenial (ED25519)
<14>Mar 12 19:43:38 ec2: 2048 SHA256:HB+gK0rS0gimjnUkIQ+I2SMXOzzcmdZrsBCJNET6fME root@ubuntu-xenial (RSA)
<14>Mar 12 19:43:38 ec2: -----END SSH HOST KEY FINGERPRINTS-----
<14>Mar 12 19:43:38 ec2: #############################################################
-----BEGIN SSH HOST KEY KEYS-----
ecdsa-sha2-nistp256 AAAAE2VjZHNhLXNoYTItbmlzdHAyNTYAAAAIbmlzdHAyNTYAAABBBEGQLFe+aWBMz/5RM3CTtrgQyue06KDRerZ7XVR/AKHxGWLG0ZMqFxHVyRWxJKJ3udcyopyuzrkiIgfcwD2WJMQ= root@ubuntu-xenial
ssh-ed25519 AAAAC3NzaC1lZDI1NTE5AAAAIPdAqsumVWCNOwlBiuVqApdJEcqbG9L75LGmkM9hgd0l root@ubuntu-xenial
ssh-rsa AAAAB3NzaC1yc2EAAAADAQABAAABAQDK5KrZI6PaImbNiLg9PMyrJnQ5SDKHlUaI5Xzg04KYZV4P9jQgrGWhhygsZaY6xEUnNf4H9thgvBOCjjxCH685WaKszAj6uunnwbTt48MhEhXUAwInGf0SCgmXmP5tCR6MFuHNcpDkqQJn8A/wnhtC6R74H73Aqnar9M3rh9VbwyWk9zMzlXib0jCZE+kocatuyoVruHBEUGCqjqoDko8YWkMV8vHndi6/Vr1RVF4cqeJPD4LWBkfrvOJTfgtrcvHHwYQqsiZVVu32j8zAXgWhvr/N/fnHxgvkylsiiRhRlM9JOf27PGsNE4HSimfh1aTrELCWYPHcBFF6aCXq5AUd root@ubuntu-xenial
-----END SSH HOST KEY KEYS-----
[   49.748140] cloud-init[1439]: Cloud-init v. 17.1 running 'modules:final' at Mon, 12 Mar 2018 19:43:37 +0000. Up 49.45 seconds.
[   49.748546] cloud-init[1439]: ci-info: no authorized ssh keys fingerprints found for user ubuntu.
[   49.748717] cloud-init[1439]: Cloud-init v. 17.1 finished at Mon, 12 Mar 2018 19:43:38 +0000. Datasource DataSourceNoCloud [seed=/dev/sdb][dsmode=net].  Up 49.73 seconds
